<?xml version="1.0" encoding="UTF-8"?>
<testsuite xmlns:xsi="http://www.w3.org/2001/XMLSchema-instance" xsi:noNamespaceSchemaLocation="https://maven.apache.org/surefire/maven-surefire-plugin/xsd/surefire-test-report.xsd" name="top.bayesian.chi.sql.DataToDataBaseTest" time="0.027" tests="1" errors="1" skipped="0" failures="0">
  <properties>
[...]
</properties>
  <testcase name="shouldAnswerWithTrue" classname="top.bayesian.chi.sql.DataToDataBaseTest" time="0.006">
    <error message="Unresolved compilation problem: &#10;	Syntax error, insert &quot;;&quot; to complete Statement&#10;" type="java.lang.Error">java.lang.Error: 
Unresolved compilation problem: 
	Syntax error, insert ";" to complete Statement

	at top.bayesian.chi.sql.DataToDataBaseTest.shouldAnswerWithTrue(DataToDataBaseTest.java:22)
</error>
  </testcase>
</testsuite>